#
# There is insufficient memory for the Java Runtime Environment to continue.
# Native memory allocation (malloc) failed to allocate 849056 bytes for Chunk::new
# Possible reasons:
#   The system is out of physical RAM or swap space
#   In 32 bit mode, the process size limit was hit
# Possible solutions:
#   Reduce memory load on the system
#   Increase physical memory or swap space
#   Check if swap backing store is full
#   Use 64 bit Java on a 64 bit OS
#   Decrease Java heap size (-Xmx/-Xms)
#   Decrease number of Java threads
#   Decrease Java thread stack sizes (-Xss)
#   Set larger code cache with -XX:ReservedCodeCacheSize=
# This output file may be truncated or incomplete.
#
#  Out of Memory Error (allocation.cpp:390), pid=4188, tid=0x00000000000027bc
#
# JRE version: OpenJDK Runtime Environment (8.0_76-b03) (build 1.8.0_76-release-b03)
# Java VM: OpenJDK 64-Bit Server VM (25.76-b03 mixed mode windows-amd64 compressed oops)
# Failed to write core dump. Minidumps are not enabled by default on client versions of Windows
#

---------------  T H R E A D  ---------------

Current thread (0x00000000157d7800):  JavaThread "C2 CompilerThread1" daemon [_thread_in_native, id=10172, stack(0x0000000016ed0000,0x0000000016fd0000)]

Stack: [0x0000000016ed0000,0x0000000016fd0000]
[error occurred during error reporting (printing stack bounds), id 0xc0000005]

Native frames: (J=compiled Java code, j=interpreted, Vv=VM code, C=native code)


Current CompileTask:
C2:   3847 1429   !   4       com.android.dx.cf.code.BytecodeArray::parseInstruction (2764 bytes)


---------------  P R O C E S S  ---------------

Java Threads: ( => current thread )
  0x000000001732e000 JavaThread "pool-2-thread-4" [_thread_in_Java, id=11696, stack(0x0000000017ad0000,0x0000000017bd0000)]
  0x000000001732d800 JavaThread "pool-2-thread-3" [_thread_in_Java, id=8316, stack(0x00000000179d0000,0x0000000017ad0000)]
  0x000000001732c800 JavaThread "pool-2-thread-2" [_thread_in_Java, id=13464, stack(0x00000000178d0000,0x00000000179d0000)]
  0x000000001733d000 JavaThread "pool-3-thread-1" [_thread_blocked, id=12808, stack(0x00000000177d0000,0x00000000178d0000)]
  0x0000000017363800 JavaThread "pool-2-thread-1" [_thread_in_Java, id=7928, stack(0x00000000176d0000,0x00000000177d0000)]
  0x00000000170d4000 JavaThread "Service Thread" daemon [_thread_blocked, id=1316, stack(0x00000000174d0000,0x00000000175d0000)]
  0x00000000157dc800 JavaThread "C1 CompilerThread2" daemon [_thread_blocked, id=8332, stack(0x0000000016fd0000,0x00000000170d0000)]
=>0x00000000157d7800 JavaThread "C2 CompilerThread1" daemon [_thread_in_native, id=10172, stack(0x0000000016ed0000,0x0000000016fd0000)]
  0x0000000015789800 JavaThread "C2 CompilerThread0" daemon [_thread_in_native, id=10196, stack(0x0000000016dd0000,0x0000000016ed0000)]
  0x0000000015788000 JavaThread "Attach Listener" daemon [_thread_blocked, id=13936, stack(0x0000000016cd0000,0x0000000016dd0000)]
  0x0000000015787000 JavaThread "Signal Dispatcher" daemon [_thread_blocked, id=11804, stack(0x0000000016bd0000,0x0000000016cd0000)]
  0x0000000015768800 JavaThread "Finalizer" daemon [_thread_blocked, id=14268, stack(0x00000000169e0000,0x0000000016ae0000)]
  0x00000000030a1000 JavaThread "Reference Handler" daemon [_thread_blocked, id=9356, stack(0x00000000168e0000,0x00000000169e0000)]
  0x0000000002fb0800 JavaThread "main" [_thread_in_Java, id=13568, stack(0x0000000002db0000,0x0000000002eb0000)]

Other Threads:
  0x0000000015746800 VMThread [stack: 0x00000000167e0000,0x00000000168e0000] [id=7140]
  0x00000000170d5800 WatcherThread [stack: 0x00000000175d0000,0x00000000176d0000] [id=4984]

VM state:not at safepoint (normal execution)

VM Mutex/Monitor currently owned by a thread: None

Heap:
 PSYoungGen      total 38400K, used 25495K [0x00000000eab00000, 0x00000000ed580000, 0x0000000100000000)
  eden space 33280K, 61% used [0x00000000eab00000,0x00000000ebeebfb0,0x00000000ecb80000)
  from space 5120K, 99% used [0x00000000ed080000,0x00000000ed579c98,0x00000000ed580000)
  to   space 5120K, 0% used [0x00000000ecb80000,0x00000000ecb80000,0x00000000ed080000)
 ParOldGen       total 87552K, used 4871K [0x00000000c0000000, 0x00000000c5580000, 0x00000000eab00000)
  object space 87552K, 5% used [0x00000000c0000000,0x00000000c04c1f80,0x00000000c5580000)
 Metaspace       used 6216K, capacity 7088K, committed 7296K, reserved 1056768K
  class space    used 577K, capacity 616K, committed 640K, reserved 1048576K

Card table byte_map: [0x0000000012470000,0x0000000012680000] byte_map_base: 0x0000000011e70000

Marking Bits: (ParMarkBitMap*) 0x0000000072109d00
 Begin Bits: [0x0000000012be0000, 0x0000000013be0000)
 End Bits:   [0x0000000013be0000, 0x0000000014be0000)

Polling page: 0x0000000001580000

CodeCache: size=245760Kb used=6596Kb max_used=6596Kb free=239163Kb
 bounds [0x00000000030b0000, 0x0000000003730000, 0x00000000120b0000]
 total_blobs=1925 nmethods=1656 adapters=182
 compilation: enabled

Compilation events (10 events):
Event: 3.688 Thread 0x00000000157dc800 nmethod 1569 0x00000000036ef350 code [0x00000000036ef4c0, 0x00000000036ef6b8]
Event: 3.688 Thread 0x00000000157dc800 1570       3       com.android.dx.rop.code.LocalVariableInfo::<init> (82 bytes)
Event: 3.689 Thread 0x00000000157dc800 nmethod 1570 0x00000000036ef790 code [0x00000000036ef9e0, 0x00000000036f0768]
Event: 3.689 Thread 0x00000000157dc800 1571       3       com.android.dx.dex.code.RopTranslator::translate (21 bytes)
Event: 3.689 Thread 0x00000000157dc800 nmethod 1571 0x00000000036f0d10 code [0x00000000036f0e80, 0x00000000036f10b8]
Event: 3.689 Thread 0x00000000157dc800 1572       3       com.android.dx.dex.code.RopTranslator::<init> (190 bytes)
Event: 3.691 Thread 0x00000000157dc800 nmethod 1572 0x00000000036f11d0 code [0x00000000036f1420, 0x00000000036f2578]
Event: 3.691 Thread 0x00000000157dc800 1573       3       com.android.dx.dex.code.BlockAddresses::<init> (44 bytes)
Event: 3.691 Thread 0x00000000157dc800 nmethod 1573 0x00000000036f2e90 code [0x00000000036f3020, 0x00000000036f3538]
Event: 3.691 Thread 0x00000000157dc800 1574       3       com.android.dx.dex.code.RopTranslator::calculateParamsAreInOrder (37 bytes)

GC Heap History (3 events):
Event: 3.020 GC heap before
{Heap before GC invocations=1 (full 0):
 PSYoungGen      total 38400K, used 33280K [0x00000000eab00000, 0x00000000ed580000, 0x0000000100000000)
  eden space 33280K, 100% used [0x00000000eab00000,0x00000000ecb80000,0x00000000ecb80000)
  from space 5120K, 0% used [0x00000000ed080000,0x00000000ed080000,0x00000000ed580000)
  to   space 5120K, 0% used [0x00000000ecb80000,0x00000000ecb80000,0x00000000ed080000)
 ParOldGen       total 87552K, used 0K [0x00000000c0000000, 0x00000000c5580000, 0x00000000eab00000)
  object space 87552K, 0% used [0x00000000c0000000,0x00000000c0000000,0x00000000c5580000)
 Metaspace       used 5862K, capacity 6832K, committed 7040K, reserved 1056768K
  class space    used 571K, capacity 616K, committed 640K, reserved 1048576K
Event: 3.035 GC heap after
Heap after GC invocations=1 (full 0):
 PSYoungGen      total 38400K, used 5105K [0x00000000eab00000, 0x00000000ed580000, 0x0000000100000000)
  eden space 33280K, 0% used [0x00000000eab00000,0x00000000eab00000,0x00000000ecb80000)
  from space 5120K, 99% used [0x00000000ecb80000,0x00000000ed07c440,0x00000000ed080000)
  to   space 5120K, 0% used [0x00000000ed080000,0x00000000ed080000,0x00000000ed580000)
 ParOldGen       total 87552K, used 1111K [0x00000000c0000000, 0x00000000c5580000, 0x00000000eab00000)
  object space 87552K, 1% used [0x00000000c0000000,0x00000000c0115cf8,0x00000000c5580000)
 Metaspace       used 5862K, capacity 6832K, committed 7040K, reserved 1056768K
  class space    used 571K, capacity 616K, committed 640K, reserved 1048576K
}
Event: 3.698 GC heap before
{Heap before GC invocations=2 (full 0):
 PSYoungGen      total 38400K, used 38385K [0x00000000eab00000, 0x00000000ed580000, 0x0000000100000000)
  eden space 33280K, 100% used [0x00000000eab00000,0x00000000ecb80000,0x00000000ecb80000)
  from space 5120K, 99% used [0x00000000ecb80000,0x00000000ed07c440,0x00000000ed080000)
  to   space 5120K, 0% used [0x00000000ed080000,0x00000000ed080000,0x00000000ed580000)
 ParOldGen       total 87552K, used 1111K [0x00000000c0000000, 0x00000000c5580000, 0x00000000eab00000)
  object space 87552K, 1% used [0x00000000c0000000,0x00000000c0115cf8,0x00000000c5580000)
 Metaspace       used 6169K, capacity 7088K, committed 7296K, reserved 1056768K
  class space    used 576K, capacity 616K, committed 640K, reserved 1048576K

Deoptimization events (3 events):
Event: 1.863 Thread 0x0000000002fb0800 Uncommon trap: reason=unstable_if action=reinterpret pc=0x0000000003200458 method=java.lang.String.indexOf(II)I @ 49
Event: 2.679 Thread 0x000000001732c800 Uncommon trap: reason=unstable_if action=reinterpret pc=0x00000000033a1a1c method=com.android.dx.rop.cst.Constant.compareTo(Lcom/android/dx/rop/cst/Constant;)I @ 12
Event: 3.447 Thread 0x000000001732c800 Uncommon trap: reason=unstable_if action=reinterpret pc=0x000000000361e6a8 method=com.android.dx.ssa.SCCP.simulateStmt(Lcom/android/dx/ssa/SsaInsn;)V @ 53

Internal exceptions (2 events):
Event: 0.730 Thread 0x0000000002fb0800 Exception <a 'java/lang/NoSuchMethodError': Method sun.misc.Unsafe.defineClass(Ljava/lang/String;[BII)Ljava/lang/Class; name or signature does not match> (0x00000000eab07cc0) thrown at [C:\src\android\AOSP-openjdk\external\jetbrains\jdk\hotspot\src\share\vuÌ9u_ç?
Event: 0.730 Thread 0x0000000002fb0800 Exception <a 'java/lang/NoSuchMethodError': Method sun.misc.Unsafe.prefetchRead(Ljava/lang/Object;J)V name or signature does not match> (0x00000000eab07fa8) thrown at [C:\src\android\AOSP-openjdk\external\jetbrains\jdk\hotspot\src\share\vm\prims\jni.cpp, l

Events (10 events):
Event: 3.245 loading class com/android/dx/dex/file/UniformListItem
Event: 3.245 loading class com/android/dx/dex/file/UniformListItem done
Event: 3.247 loading class com/android/dx/dex/file/AnnotationSetRefItem
Event: 3.247 loading class com/android/dx/dex/file/AnnotationSetRefItem done
Event: 3.447 Thread 0x000000001732c800 Uncommon trap: trap_request=0xffffff65 fr.pc=0x000000000361e6a8
Event: 3.447 Thread 0x000000001732c800 DEOPT PACKING pc=0x000000000361e6a8 sp=0x00000000179ce5d0
Event: 3.447 Thread 0x000000001732c800 DEOPT UNPACKING pc=0x00000000030f556a sp=0x00000000179ce5b8 mode 2
Event: 3.690 loading class com/android/dx/cf/code/SwitchList
Event: 3.690 loading class com/android/dx/cf/code/SwitchList done
Event: 3.692 Executing VM operation: ParallelGCFailedAllocation


Dynamic libraries:
0x00007ff677b20000 - 0x00007ff677b51000 	C:\Program Files\Android\Android Studio\jre\bin\java.exe
0x00007fff74120000 - 0x00007fff742f1000 	C:\WINDOWS\SYSTEM32\ntdll.dll
0x00007fff716b0000 - 0x00007fff7175b000 	C:\WINDOWS\System32\KERNEL32.DLL
0x00007fff70ed0000 - 0x00007fff710ed000 	C:\WINDOWS\System32\KERNELBASE.dll
0x00007fff735d0000 - 0x00007fff73672000 	C:\WINDOWS\System32\ADVAPI32.dll
0x00007fff731c0000 - 0x00007fff7325e000 	C:\WINDOWS\System32\msvcrt.dll
0x00007fff737b0000 - 0x00007fff73809000 	C:\WINDOWS\System32\sechost.dll
0x00007fff73680000 - 0x00007fff737a1000 	C:\WINDOWS\System32\RPCRT4.dll
0x00007fff72fb0000 - 0x00007fff73115000 	C:\WINDOWS\System32\USER32.dll
0x00007fff70660000 - 0x00007fff7067e000 	C:\WINDOWS\System32\win32u.dll
0x00007fff739b0000 - 0x00007fff739e4000 	C:\WINDOWS\System32\GDI32.dll
0x00007fff71520000 - 0x00007fff716a2000 	C:\WINDOWS\System32\gdi32full.dll
0x00007fff6bd80000 - 0x00007fff6bff9000 	C:\WINDOWS\WinSxS\amd64_microsoft.windows.common-controls_6595b64144ccf1df_6.0.14393.447_none_42191651c6827bb3\COMCTL32.dll
0x00007fff72ce0000 - 0x00007fff72fa7000 	C:\WINDOWS\System32\combase.dll
0x00007fff70dd0000 - 0x00007fff70ec5000 	C:\WINDOWS\System32\ucrtbase.dll
0x00007fff70680000 - 0x00007fff706ea000 	C:\WINDOWS\System32\bcryptPrimitives.dll
0x00007fff739f0000 - 0x00007fff73a1e000 	C:\WINDOWS\System32\IMM32.DLL
0x0000000072e60000 - 0x0000000072f32000 	C:\Program Files\Android\Android Studio\jre\jre\bin\msvcr100.dll
0x0000000071950000 - 0x0000000072184000 	C:\Program Files\Android\Android Studio\jre\jre\bin\server\jvm.dll
0x00007fff732d0000 - 0x00007fff732d8000 	C:\WINDOWS\System32\PSAPI.DLL
0x00007fff60090000 - 0x00007fff60099000 	C:\WINDOWS\SYSTEM32\WSOCK32.dll
0x00007fff73a20000 - 0x00007fff73a8a000 	C:\WINDOWS\System32\WS2_32.dll
0x00007fff6ea90000 - 0x00007fff6eab3000 	C:\WINDOWS\SYSTEM32\WINMM.dll
0x00007fff6c4c0000 - 0x00007fff6c4ca000 	C:\WINDOWS\SYSTEM32\VERSION.dll
0x00007fff6ea10000 - 0x00007fff6ea3b000 	C:\WINDOWS\SYSTEM32\WINMMBASE.dll
0x00007fff70610000 - 0x00007fff70652000 	C:\WINDOWS\System32\cfgmgr32.dll
0x00007fff66120000 - 0x00007fff6612f000 	C:\Program Files\Android\Android Studio\jre\jre\bin\verify.dll
0x00007fff5bb00000 - 0x00007fff5bb29000 	C:\Program Files\Android\Android Studio\jre\jre\bin\java.dll
0x00007fff5bb40000 - 0x00007fff5bb56000 	C:\Program Files\Android\Android Studio\jre\jre\bin\zip.dll
0x00007fff717d0000 - 0x00007fff72cd9000 	C:\WINDOWS\System32\SHELL32.dll
0x00007fff706f0000 - 0x00007fff70dca000 	C:\WINDOWS\System32\windows.storage.dll
0x00007fff705c0000 - 0x00007fff7060c000 	C:\WINDOWS\System32\powrprof.dll
0x00007fff73270000 - 0x00007fff732c2000 	C:\WINDOWS\System32\shlwapi.dll
0x00007fff70580000 - 0x00007fff7058f000 	C:\WINDOWS\System32\kernel.appcore.dll
0x00007fff71240000 - 0x00007fff712e9000 	C:\WINDOWS\System32\shcore.dll
0x00007fff705a0000 - 0x00007fff705b4000 	C:\WINDOWS\System32\profapi.dll

VM Arguments:
jvm_args: -Djava.awt.headless=true -Xmx1024M -Dfile.encoding=windows-1252 -Duser.country=US -Duser.language=en -Duser.variant 
java_command: com.android.dx.command.Main --dex --force-jumbo --num-threads=4 --multi-dex --output C:\Users\Laura\Documents\GitHub\ECaFT\app\build\intermediates\transforms\dex\debug\folders\1000\10\internal_impl-23.1.1_d3fbd533ce9baa99fc8ffa7da3b3ddf4b71f7af5 C:\Users\Laura\Documents\GitHub\ECaFT\app\build\intermediates\exploded-aar\com.android.support\support-v4\23.1.1\jars\libs\internal_impl-23.1.1.jar
java_class_path (initial): C:\Users\Laura\AppData\Local\Android\sdk\build-tools\23.0.2\lib\dx.jar
Launcher Type: SUN_STANDARD

Environment Variables:
PATH=C:\ProgramData\Oracle\Java\javapath;C:\Program Files (x86)\NVIDIA Corporation\PhysX\Common;C:\WINDOWS\system32;C:\WINDOWS;C:\WINDOWS\System32\Wbem;C:\WINDOWS\System32\WindowsPowerShell\v1.0\;C:\Program Files (x86)\GtkSharp\2.12\bin;C:\Program Files\MATLAB\R2016a\bin;C:\Program Files (x86)\Skype\Phone\;C:\Program Files\Calibre2\;C:\HashiCorp\Vagrant\bin;C:\Users\Laura\AppData\Local\Programs\Python\Python35\Scripts\;C:\Users\Laura\AppData\Local\Programs\Python\Python35\;C:\Users\Laura\AppData\Local\Microsoft\WindowsApps;
USERNAME=Laura
OS=Windows_NT
PROCESSOR_IDENTIFIER=Intel64 Family 6 Model 69 Stepping 1, GenuineIntel



---------------  S Y S T E M  ---------------

OS: Windows 10.0 , 64 bit Build 14393 (10.0.14393.0)

CPU:total 4 (2 cores per cpu, 2 threads per core) family 6 model 69 stepping 1, cmov, cx8, fxsr, mmx, sse, sse2, sse3, ssse3, sse4.1, sse4.2, popcnt, avx, avx2, aes, clmul, erms, lzcnt, ht, tsc, tscinvbit, bmi1, bmi2

Memory: 4k page, physical 8268752k(2176148k free), swap 10219472k(46740k free)

vm_info: OpenJDK 64-Bit Server VM (25.76-b03) for windows-amd64 JRE (1.8.0_76-release-b03), built on Jun 29 2016 19:09:20 by "ralucas" with MS VC++ 10.0 (VS2010)

time: Tue Nov 22 13:22:48 2016
elapsed time: 3 seconds (0d 0h 0m 3s)

