#
# There is insufficient memory for the Java Runtime Environment to continue.
# Native memory allocation (malloc) failed to allocate 154240 bytes for Chunk::new
# Possible reasons:
#   The system is out of physical RAM or swap space
#   In 32 bit mode, the process size limit was hit
# Possible solutions:
#   Reduce memory load on the system
#   Increase physical memory or swap space
#   Check if swap backing store is full
#   Use 64 bit Java on a 64 bit OS
#   Decrease Java heap size (-Xmx/-Xms)
#   Decrease number of Java threads
#   Decrease Java thread stack sizes (-Xss)
#   Set larger code cache with -XX:ReservedCodeCacheSize=
# This output file may be truncated or incomplete.
#
#  Out of Memory Error (allocation.cpp:390), pid=1216, tid=0x0000000000001c60
#
# JRE version: OpenJDK Runtime Environment (8.0_76-b03) (build 1.8.0_76-release-b03)
# Java VM: OpenJDK 64-Bit Server VM (25.76-b03 mixed mode windows-amd64 compressed oops)
# Failed to write core dump. Minidumps are not enabled by default on client versions of Windows
#

---------------  T H R E A D  ---------------

Current thread (0x00000000156e6800):  JavaThread "C2 CompilerThread0" daemon [_thread_in_native, id=7264, stack(0x0000000016d40000,0x0000000016e40000)]

Stack: [0x0000000016d40000,0x0000000016e40000]
[error occurred during error reporting (printing stack bounds), id 0xc0000005]

Native frames: (J=compiled Java code, j=interpreted, Vv=VM code, C=native code)


Current CompileTask:
C2:  13136 2243       4       com.android.dx.dex.code.DalvCode::finishProcessingIfNecessary (69 bytes)


---------------  P R O C E S S  ---------------

Java Threads: ( => current thread )
  0x00000000172a8000 JavaThread "pool-1-thread-1" [_thread_in_vm, id=6176, stack(0x0000000019310000,0x0000000019410000)]
  0x000000001573e800 JavaThread "Service Thread" daemon [_thread_blocked, id=13584, stack(0x0000000017440000,0x0000000017540000)]
  0x000000001573c800 JavaThread "C1 CompilerThread2" daemon [_thread_blocked, id=10872, stack(0x0000000016f40000,0x0000000017040000)]
  0x0000000015737000 JavaThread "C2 CompilerThread1" daemon [_thread_in_native, id=13344, stack(0x0000000016e40000,0x0000000016f40000)]
=>0x00000000156e6800 JavaThread "C2 CompilerThread0" daemon [_thread_in_native, id=7264, stack(0x0000000016d40000,0x0000000016e40000)]
  0x00000000156e5000 JavaThread "Attach Listener" daemon [_thread_blocked, id=5336, stack(0x0000000016c40000,0x0000000016d40000)]
  0x00000000156e4000 JavaThread "Signal Dispatcher" daemon [_thread_blocked, id=14168, stack(0x0000000016b40000,0x0000000016c40000)]
  0x0000000003005000 JavaThread "Finalizer" daemon [_thread_blocked, id=13480, stack(0x0000000016950000,0x0000000016a50000)]
  0x0000000003000000 JavaThread "Reference Handler" daemon [_thread_blocked, id=11488, stack(0x0000000016850000,0x0000000016950000)]
  0x0000000002f10800 JavaThread "main" [_thread_blocked, id=13116, stack(0x0000000002e10000,0x0000000002f10000)]

Other Threads:
  0x00000000156a5000 VMThread [stack: 0x0000000016750000,0x0000000016850000] [id=13120]
  0x0000000017045800 WatcherThread [stack: 0x0000000017540000,0x0000000017640000] [id=10052]

VM state:not at safepoint (normal execution)

VM Mutex/Monitor currently owned by a thread: None

Heap:
 PSYoungGen      total 71680K, used 6421K [0x00000000eab00000, 0x00000000ef600000, 0x0000000100000000)
  eden space 66560K, 1% used [0x00000000eab00000,0x00000000eac491e8,0x00000000eec00000)
  from space 5120K, 99% used [0x00000000eec00000,0x00000000ef0fc530,0x00000000ef100000)
  to   space 5120K, 0% used [0x00000000ef100000,0x00000000ef100000,0x00000000ef600000)
 ParOldGen       total 87552K, used 10380K [0x00000000c0000000, 0x00000000c5580000, 0x00000000eab00000)
  object space 87552K, 11% used [0x00000000c0000000,0x00000000c0a23030,0x00000000c5580000)
 Metaspace       used 6765K, capacity 7474K, committed 7552K, reserved 1056768K
  class space    used 613K, capacity 618K, committed 640K, reserved 1048576K

Card table byte_map: [0x00000000123d0000,0x00000000125e0000] byte_map_base: 0x0000000011dd0000

Marking Bits: (ParMarkBitMap*) 0x0000000072109d00
 Begin Bits: [0x0000000012b40000, 0x0000000013b40000)
 End Bits:   [0x0000000013b40000, 0x0000000014b40000)

Polling page: 0x0000000001340000

CodeCache: size=245760Kb used=9893Kb max_used=9893Kb free=235866Kb
 bounds [0x0000000003010000, 0x00000000039d0000, 0x0000000012010000]
 total_blobs=2499 nmethods=2226 adapters=186
 compilation: enabled

Compilation events (10 events):
Event: 13.072 Thread 0x000000001573c800 2274       3       com.android.dx.util.ByteArrayAnnotatedOutput::write (61 bytes)
Event: 13.072 Thread 0x000000001573c800 nmethod 2274 0x00000000039bc890 code [0x00000000039bca40, 0x00000000039bcf08]
Event: 13.074 Thread 0x000000001573c800 2275       3       com.android.dx.util.ByteArrayAnnotatedOutput::write (9 bytes)
Event: 13.074 Thread 0x000000001573c800 nmethod 2275 0x00000000039bd110 code [0x00000000039bd280, 0x00000000039bd4a8]
Event: 13.074 Thread 0x000000001573c800 2276       3       com.android.dx.dex.file.DebugInfoItem::writeTo0 (58 bytes)
Event: 13.077 Thread 0x000000001573c800 nmethod 2276 0x00000000039bd590 code [0x00000000039bd8e0, 0x00000000039bf468]
Event: 13.077 Thread 0x000000001573c800 2277       3       com.android.dx.util.ByteArrayAnnotatedOutput::write (129 bytes)
Event: 13.078 Thread 0x000000001573c800 nmethod 2277 0x00000000039c0410 code [0x00000000039c06a0, 0x00000000039c16e8]
Event: 13.079 Thread 0x000000001573c800 2278       1       com.android.dx.rop.annotation.Annotation::getVisibility (5 bytes)
Event: 13.079 Thread 0x000000001573c800 nmethod 2278 0x00000000039c1f50 code [0x00000000039c20a0, 0x00000000039c21b0]

GC Heap History (6 events):
Event: 3.463 GC heap before
{Heap before GC invocations=1 (full 0):
 PSYoungGen      total 38400K, used 33280K [0x00000000eab00000, 0x00000000ed580000, 0x0000000100000000)
  eden space 33280K, 100% used [0x00000000eab00000,0x00000000ecb80000,0x00000000ecb80000)
  from space 5120K, 0% used [0x00000000ed080000,0x00000000ed080000,0x00000000ed580000)
  to   space 5120K, 0% used [0x00000000ecb80000,0x00000000ecb80000,0x00000000ed080000)
 ParOldGen       total 87552K, used 0K [0x00000000c0000000, 0x00000000c5580000, 0x00000000eab00000)
  object space 87552K, 0% used [0x00000000c0000000,0x00000000c0000000,0x00000000c5580000)
 Metaspace       used 5891K, capacity 6896K, committed 7040K, reserved 1056768K
  class space    used 576K, capacity 616K, committed 640K, reserved 1048576K
Event: 4.307 GC heap after
Heap after GC invocations=1 (full 0):
 PSYoungGen      total 38400K, used 5112K [0x00000000eab00000, 0x00000000ef600000, 0x0000000100000000)
  eden space 33280K, 0% used [0x00000000eab00000,0x00000000eab00000,0x00000000ecb80000)
  from space 5120K, 99% used [0x00000000ecb80000,0x00000000ed07e130,0x00000000ed080000)
  to   space 5120K, 0% used [0x00000000ef100000,0x00000000ef100000,0x00000000ef600000)
 ParOldGen       total 87552K, used 1260K [0x00000000c0000000, 0x00000000c5580000, 0x00000000eab00000)
  object space 87552K, 1% used [0x00000000c0000000,0x00000000c013b080,0x00000000c5580000)
 Metaspace       used 5891K, capacity 6896K, committed 7040K, reserved 1056768K
  class space    used 576K, capacity 616K, committed 640K, reserved 1048576K
}
Event: 6.682 GC heap before
{Heap before GC invocations=2 (full 0):
 PSYoungGen      total 38400K, used 38392K [0x00000000eab00000, 0x00000000ef600000, 0x0000000100000000)
  eden space 33280K, 100% used [0x00000000eab00000,0x00000000ecb80000,0x00000000ecb80000)
  from space 5120K, 99% used [0x00000000ecb80000,0x00000000ed07e130,0x00000000ed080000)
  to   space 5120K, 0% used [0x00000000ef100000,0x00000000ef100000,0x00000000ef600000)
 ParOldGen       total 87552K, used 1260K [0x00000000c0000000, 0x00000000c5580000, 0x00000000eab00000)
  object space 87552K, 1% used [0x00000000c0000000,0x00000000c013b080,0x00000000c5580000)
 Metaspace       used 6128K, capacity 7088K, committed 7296K, reserved 1056768K
  class space    used 577K, capacity 616K, committed 640K, reserved 1048576K
Event: 6.948 GC heap after
Heap after GC invocations=2 (full 0):
 PSYoungGen      total 71680K, used 5110K [0x00000000eab00000, 0x00000000ef600000, 0x0000000100000000)
  eden space 66560K, 0% used [0x00000000eab00000,0x00000000eab00000,0x00000000eec00000)
  from space 5120K, 99% used [0x00000000ef100000,0x00000000ef5fda68,0x00000000ef600000)
  to   space 5120K, 0% used [0x00000000eec00000,0x00000000eec00000,0x00000000ef100000)
 ParOldGen       total 87552K, used 5940K [0x00000000c0000000, 0x00000000c5580000, 0x00000000eab00000)
  object space 87552K, 6% used [0x00000000c0000000,0x00000000c05cd150,0x00000000c5580000)
 Metaspace       used 6128K, capacity 7088K, committed 7296K, reserved 1056768K
  class space    used 577K, capacity 616K, committed 640K, reserved 1048576K
}
Event: 12.736 GC heap before
{Heap before GC invocations=3 (full 0):
 PSYoungGen      total 71680K, used 71670K [0x00000000eab00000, 0x00000000ef600000, 0x0000000100000000)
  eden space 66560K, 100% used [0x00000000eab00000,0x00000000eec00000,0x00000000eec00000)
  from space 5120K, 99% used [0x00000000ef100000,0x00000000ef5fda68,0x00000000ef600000)
  to   space 5120K, 0% used [0x00000000eec00000,0x00000000eec00000,0x00000000ef100000)
 ParOldGen       total 87552K, used 5940K [0x00000000c0000000, 0x00000000c5580000, 0x00000000eab00000)
  object space 87552K, 6% used [0x00000000c0000000,0x00000000c05cd150,0x00000000c5580000)
 Metaspace       used 6546K, capacity 7408K, committed 7552K, reserved 1056768K
  class space    used 597K, capacity 616K, committed 640K, reserved 1048576K
Event: 12.877 GC heap after
Heap after GC invocations=3 (full 0):
 PSYoungGen      total 71680K, used 5105K [0x00000000eab00000, 0x00000000ef600000, 0x0000000100000000)
  eden space 66560K, 0% used [0x00000000eab00000,0x00000000eab00000,0x00000000eec00000)
  from space 5120K, 99% used [0x00000000eec00000,0x00000000ef0fc530,0x00000000ef100000)
  to   space 5120K, 0% used [0x00000000ef100000,0x00000000ef100000,0x00000000ef600000)
 ParOldGen       total 87552K, used 10380K [0x00000000c0000000, 0x00000000c5580000, 0x00000000eab00000)
  object space 87552K, 11% used [0x00000000c0000000,0x00000000c0a23030,0x00000000c5580000)
 Metaspace       used 6546K, capacity 7408K, committed 7552K, reserved 1056768K
  class space    used 597K, capacity 616K, committed 640K, reserved 1048576K
}

Deoptimization events (10 events):
Event: 12.004 Thread 0x00000000172a8000 Uncommon trap: reason=speculate_class_check action=maybe_recompile pc=0x00000000033ebb94 method=com.android.dx.util.FixedSizeList.equals(Ljava/lang/Object;)Z @ 25
Event: 12.004 Thread 0x00000000172a8000 Uncommon trap: reason=unstable_if action=reinterpret pc=0x00000000033e7b0c method=java.util.Arrays.equals([Ljava/lang/Object;[Ljava/lang/Object;)Z @ 23
Event: 12.088 Thread 0x00000000172a8000 Uncommon trap: reason=speculate_class_check action=maybe_recompile pc=0x00000000033ebb94 method=com.android.dx.util.FixedSizeList.equals(Ljava/lang/Object;)Z @ 25
Event: 12.088 Thread 0x00000000172a8000 Uncommon trap: reason=speculate_class_check action=maybe_recompile pc=0x00000000033ebb94 method=com.android.dx.util.FixedSizeList.equals(Ljava/lang/Object;)Z @ 25
Event: 12.502 Thread 0x00000000172a8000 Uncommon trap: reason=unstable_if action=reinterpret pc=0x00000000037bdd4c method=java.util.TreeMap.put(Ljava/lang/Object;Ljava/lang/Object;)Ljava/lang/Object; @ 163
Event: 12.542 Thread 0x00000000172a8000 Uncommon trap: reason=unstable_if action=reinterpret pc=0x00000000037a0b24 method=java.util.ArrayList.<init>(I)V @ 5
Event: 12.902 Thread 0x00000000172a8000 Uncommon trap: reason=unstable_if action=reinterpret pc=0x000000000332347c method=java.lang.Long.numberOfTrailingZeros(J)I @ 3
Event: 12.930 Thread 0x00000000172a8000 Uncommon trap: reason=unstable_if action=reinterpret pc=0x0000000003924e44 method=com.android.dx.util.ByteArrayAnnotatedOutput.writeByte(I)V @ 13
Event: 13.067 Thread 0x00000000172a8000 Uncommon trap: reason=unstable_if action=reinterpret pc=0x0000000003959cfc method=com.android.dx.util.ByteArrayAnnotatedOutput.writeUleb128(I)I @ 4
Event: 13.067 Thread 0x00000000172a8000 Uncommon trap: reason=unstable_if action=reinterpret pc=0x000000000394364c method=com.android.dx.util.ByteArrayAnnotatedOutput.writeByte(I)V @ 13

Internal exceptions (4 events):
Event: 0.043 Thread 0x0000000002f10800 Exception <a 'java/lang/NoSuchMethodError': Method sun.misc.Unsafe.defineClass(Ljava/lang/String;[BII)Ljava/lang/Class; name or signature does not match> (0x00000000eab07cc0) thrown at [C:\src\android\AOSP-openjdk\external\jetbrains\jdk\hotspot\src\share\v®Y*¶¦?
Event: 0.043 Thread 0x0000000002f10800 Exception <a 'java/lang/NoSuchMethodError': Method sun.misc.Unsafe.prefetchRead(Ljava/lang/Object;J)V name or signature does not match> (0x00000000eab07fa8) thrown at [C:\src\android\AOSP-openjdk\external\jetbrains\jdk\hotspot\src\share\vm\prims\jni.cpp, lÄÎúºI@
Event: 4.572 Thread 0x00000000172df000 Implicit null exception at 0x0000000003423da2 to 0x0000000003423e9a
Event: 7.071 Thread 0x00000000172a5800 Implicit null exception at 0x00000000032f4011 to 0x00000000032f7179

Events (10 events):
Event: 13.088 loading class java/security/Provider$ServiceKey done
Event: 13.088 loading class java/security/Provider$EngineDescription
Event: 13.088 loading class java/security/Provider$EngineDescription done
Event: 13.088 loading class sun/misc/FloatingDecimal
Event: 13.089 loading class sun/misc/FloatingDecimal done
Event: 13.089 loading class sun/misc/FloatingDecimal$ExceptionalBinaryToASCIIBuffer
Event: 13.089 loading class sun/misc/FloatingDecimal$BinaryToASCIIConverter
Event: 13.091 loading class sun/misc/FloatingDecimal$BinaryToASCIIConverter done
Event: 13.091 loading class sun/misc/FloatingDecimal$ExceptionalBinaryToASCIIBuffer done
Event: 13.091 loading class sun/misc/FloatingDecimal$BinaryToASCIIBuffer


Dynamic libraries:
0x00007ff677b20000 - 0x00007ff677b51000 	C:\Program Files\Android\Android Studio\jre\bin\java.exe
0x00007fff74120000 - 0x00007fff742f1000 	C:\WINDOWS\SYSTEM32\ntdll.dll
0x00007fff716b0000 - 0x00007fff7175b000 	C:\WINDOWS\System32\KERNEL32.DLL
0x00007fff70ed0000 - 0x00007fff710ed000 	C:\WINDOWS\System32\KERNELBASE.dll
0x00007fff735d0000 - 0x00007fff73672000 	C:\WINDOWS\System32\ADVAPI32.dll
0x00007fff731c0000 - 0x00007fff7325e000 	C:\WINDOWS\System32\msvcrt.dll
0x00007fff737b0000 - 0x00007fff73809000 	C:\WINDOWS\System32\sechost.dll
0x00007fff73680000 - 0x00007fff737a1000 	C:\WINDOWS\System32\RPCRT4.dll
0x00007fff72fb0000 - 0x00007fff73115000 	C:\WINDOWS\System32\USER32.dll
0x00007fff70660000 - 0x00007fff7067e000 	C:\WINDOWS\System32\win32u.dll
0x00007fff739b0000 - 0x00007fff739e4000 	C:\WINDOWS\System32\GDI32.dll
0x00007fff71520000 - 0x00007fff716a2000 	C:\WINDOWS\System32\gdi32full.dll
0x00007fff6bd80000 - 0x00007fff6bff9000 	C:\WINDOWS\WinSxS\amd64_microsoft.windows.common-controls_6595b64144ccf1df_6.0.14393.447_none_42191651c6827bb3\COMCTL32.dll
0x00007fff72ce0000 - 0x00007fff72fa7000 	C:\WINDOWS\System32\combase.dll
0x00007fff70dd0000 - 0x00007fff70ec5000 	C:\WINDOWS\System32\ucrtbase.dll
0x00007fff70680000 - 0x00007fff706ea000 	C:\WINDOWS\System32\bcryptPrimitives.dll
0x00007fff739f0000 - 0x00007fff73a1e000 	C:\WINDOWS\System32\IMM32.DLL
0x0000000072e60000 - 0x0000000072f32000 	C:\Program Files\Android\Android Studio\jre\jre\bin\msvcr100.dll
0x0000000071950000 - 0x0000000072184000 	C:\Program Files\Android\Android Studio\jre\jre\bin\server\jvm.dll
0x00007fff732d0000 - 0x00007fff732d8000 	C:\WINDOWS\System32\PSAPI.DLL
0x00007fff60090000 - 0x00007fff60099000 	C:\WINDOWS\SYSTEM32\WSOCK32.dll
0x00007fff73a20000 - 0x00007fff73a8a000 	C:\WINDOWS\System32\WS2_32.dll
0x00007fff6ea90000 - 0x00007fff6eab3000 	C:\WINDOWS\SYSTEM32\WINMM.dll
0x00007fff6c4c0000 - 0x00007fff6c4ca000 	C:\WINDOWS\SYSTEM32\VERSION.dll
0x00007fff6ea10000 - 0x00007fff6ea3b000 	C:\WINDOWS\SYSTEM32\WINMMBASE.dll
0x00007fff70610000 - 0x00007fff70652000 	C:\WINDOWS\System32\cfgmgr32.dll
0x00007fff66120000 - 0x00007fff6612f000 	C:\Program Files\Android\Android Studio\jre\jre\bin\verify.dll
0x00007fff5bb00000 - 0x00007fff5bb29000 	C:\Program Files\Android\Android Studio\jre\jre\bin\java.dll
0x00007fff5bb40000 - 0x00007fff5bb56000 	C:\Program Files\Android\Android Studio\jre\jre\bin\zip.dll
0x00007fff717d0000 - 0x00007fff72cd9000 	C:\WINDOWS\System32\SHELL32.dll
0x00007fff706f0000 - 0x00007fff70dca000 	C:\WINDOWS\System32\windows.storage.dll
0x00007fff705c0000 - 0x00007fff7060c000 	C:\WINDOWS\System32\powrprof.dll
0x00007fff73270000 - 0x00007fff732c2000 	C:\WINDOWS\System32\shlwapi.dll
0x00007fff70580000 - 0x00007fff7058f000 	C:\WINDOWS\System32\kernel.appcore.dll
0x00007fff71240000 - 0x00007fff712e9000 	C:\WINDOWS\System32\shcore.dll
0x00007fff705a0000 - 0x00007fff705b4000 	C:\WINDOWS\System32\profapi.dll

VM Arguments:
jvm_args: -Djava.awt.headless=true -Xmx1024M -Dfile.encoding=windows-1252 -Duser.country=US -Duser.language=en -Duser.variant 
java_command: com.android.dx.command.Main --dex --force-jumbo --num-threads=4 --multi-dex --output C:\Users\Laura\Documents\GitHub\ECaFT\app\build\intermediates\transforms\dex\debug\folders\1000\10\com.android.support-design-23.1.1_605d869ec0c6a3afb62bd825bb16ebab4b716a07 C:\Users\Laura\Documents\GitHub\ECaFT\app\build\intermediates\exploded-aar\com.android.support\design\23.1.1\jars\classes.jar
java_class_path (initial): C:\Users\Laura\AppData\Local\Android\sdk\build-tools\23.0.2\lib\dx.jar
Launcher Type: SUN_STANDARD

Environment Variables:
PATH=C:\ProgramData\Oracle\Java\javapath;C:\Program Files (x86)\NVIDIA Corporation\PhysX\Common;C:\WINDOWS\system32;C:\WINDOWS;C:\WINDOWS\System32\Wbem;C:\WINDOWS\System32\WindowsPowerShell\v1.0\;C:\Program Files (x86)\GtkSharp\2.12\bin;C:\Program Files\MATLAB\R2016a\bin;C:\Program Files (x86)\Skype\Phone\;C:\Program Files\Calibre2\;C:\HashiCorp\Vagrant\bin;C:\Users\Laura\AppData\Local\Programs\Python\Python35\Scripts\;C:\Users\Laura\AppData\Local\Programs\Python\Python35\;C:\Users\Laura\AppData\Local\Microsoft\WindowsApps;
USERNAME=Laura
OS=Windows_NT
PROCESSOR_IDENTIFIER=Intel64 Family 6 Model 69 Stepping 1, GenuineIntel



---------------  S Y S T E M  ---------------

OS: Windows 10.0 , 64 bit Build 14393 (10.0.14393.0)

CPU:total 4 (2 cores per cpu, 2 threads per core) family 6 model 69 stepping 1, cmov, cx8, fxsr, mmx, sse, sse2, sse3, ssse3, sse4.1, sse4.2, popcnt, avx, avx2, aes, clmul, erms, lzcnt, ht, tsc, tscinvbit, bmi1, bmi2

Memory: 4k page, physical 8268752k(2112708k free), swap 10219472k(5268k free)

vm_info: OpenJDK 64-Bit Server VM (25.76-b03) for windows-amd64 JRE (1.8.0_76-release-b03), built on Jun 29 2016 19:09:20 by "ralucas" with MS VC++ 10.0 (VS2010)

time: Tue Nov 22 13:24:16 2016
elapsed time: 13 seconds (0d 0h 0m 13s)

